
		Thu Mar 04 2021
09:37:50 OpenLink Virtuoso Universal Server
09:37:50 Version 07.20.3215-pthreads for Linux as of Aug 21 2019
09:37:50 uses parts of OpenSSL, PCRE, Html Tidy
09:37:50 SQL Optimizer enabled (max 1000 layouts)
09:37:50 Compiler unit is timed at 0.000320 msec
09:37:53 Checkpoint started
09:37:53 Roll forward started
09:37:53 Roll forward complete
09:37:53 Checkpoint started
09:37:53 Checkpoint finished, log reused
09:37:53 Checkpoint started
09:37:53 Checkpoint finished, log reused
09:37:53 Checkpoint started
09:37:53 Checkpoint finished, log reused
09:37:53 Checkpoint started
09:37:53 Checkpoint finished, log reused
09:37:53 Checkpoint started
09:37:53 Checkpoint finished, log reused
09:37:53 PL LOG: Installing Virtuoso Conductor version 1.00.8754 (DAV)
09:37:53 PL LOG: Installing with dependencies Virtuoso Conductor version 1.00.8754/2019-08-21 11:12 (DAV)
09:37:53 Checkpoint started
09:37:54 Checkpoint finished, log reused
09:37:55 Checkpoint started
09:37:55 Checkpoint finished, log reused
09:37:55 PL LOG: Installation with dependencies complete
09:37:55 Checkpoint started
09:37:55 Checkpoint finished, log reused
09:37:55 HTTP/WebDAV server online at 8890
09:37:55 Server online at 1111 (pid 20)
09:37:55 Server received signal 15
09:37:55 Initiating quick shutdown
09:37:55 Server shutdown complete

		Thu Mar 04 2021
09:37:55 OpenLink Virtuoso Universal Server
09:37:55 Version 07.20.3215-pthreads for Linux as of Aug 21 2019
09:37:55 uses parts of OpenSSL, PCRE, Html Tidy
09:37:55 Database version 3126
09:37:55 SQL Optimizer enabled (max 1000 layouts)
09:37:56 Compiler unit is timed at 0.000122 msec
09:37:57 Roll forward started
09:37:57 Roll forward complete
09:37:57 Checkpoint started
09:37:57 Checkpoint finished, log reused
09:37:57 HTTP/WebDAV server online at 8890
09:37:57 Server online at 1111 (pid 51)
09:37:57 PL LOG: Loader started
09:37:57 PL LOG: No more files to load. Loader has finished,
09:37:57 Checkpoint started
09:37:57 Checkpoint finished, log reused
09:37:57 Server received signal 15
09:37:57 Initiating quick shutdown
09:37:57 Server shutdown complete

		Thu Mar 04 2021
09:37:57 OpenLink Virtuoso Universal Server
09:37:57 Version 07.20.3215-pthreads for Linux as of Aug 21 2019
09:37:57 uses parts of OpenSSL, PCRE, Html Tidy
09:37:57 Database version 3126
09:37:57 SQL Optimizer enabled (max 1000 layouts)
09:37:58 Compiler unit is timed at 0.000126 msec
09:37:59 Roll forward started
09:37:59 Roll forward complete
09:37:59 Checkpoint started
09:37:59 Checkpoint finished, log reused
09:37:59 HTTP/WebDAV server online at 8890
09:37:59 Server online at 1111 (pid 1)
09:40:10 ERRS_0 01V01 QW004 <unspec>:2891: WS.WS.SPARQL_ENDPOINT_GENERATE_FORM: Incompatible types INTEGER (189) and VARCHAR (182) in = for debug and <constant>
